<?xml version="1.0" encoding="UTF-8"?>
<!-- Generated by org.testng.reporters.JUnitReportReporter -->
<testsuite hostname="CSD-SYS63" failures="0" tests="2" name="sumanth.Apptest" time="0.017" errors="0" timestamp="2025-03-29T14:21:40 IST" skipped="0">
  <testcase classname="sumanth.Apptest" name="testlogin2" time="0.016"/>
  <testcase classname="sumanth.Apptest" name="testloginl" time="0.001"/>
</testsuite> <!-- sumanth.Apptest -->
